0 info it worked if it ends with ok
1 verbose cli [
1 verbose cli   '/nix/store/0l5yh0rdzibk8arj9c8gzy1570jkc3vf-nodejs-16.18.1/bin/node',
1 verbose cli   '/home/runner/portofolio/node_modules/.bin/npm',
1 verbose cli   'install',
1 verbose cli   'file',
1 verbose cli   '@danicoding/scraper',
1 verbose cli   "__path@+ '"
1 verbose cli ]
2 info using npm@2.15.12
3 info using node@v16.18.1
4 verbose install initial load of /home/runner/portofolio/package.json
5 warn package.json dannteam-api@2.1.1 No README data
6 verbose installManyTop reading scoped package data from /home/runner/portofolio/node_modules/abab/package.json
7 verbose installManyTop reading scoped package data from /home/runner/portofolio/node_modules/abbrev/package.json
8 verbose installManyTop reading scoped package data from /home/runner/portofolio/node_modules/accepts/package.json
9 verbose installManyTop reading scoped package data from /home/runner/portofolio/node_modules/acorn/package.json
10 verbose installManyTop reading scoped package data from /home/runner/portofolio/node_modules/acorn-globals/package.json
11 verbose installManyTop reading scoped package data from /home/runner/portofolio/node_modules/acorn-walk/package.json
12 verbose installManyTop reading scoped package data from /home/runner/portofolio/node_modules/agent-base/package.json
13 verbose installManyTop reading scoped package data from /home/runner/portofolio/node_modules/ajv/package.json
14 verbose installManyTop reading scoped package data from /home/runner/portofolio/node_modules/ansi/package.json
15 verbose installManyTop reading scoped package data from /home/runner/portofolio/node_modules/ansi-regex/package.json
16 verbose installManyTop reading scoped package data from /home/runner/portofolio/node_modules/ansi-styles/package.json
17 verbose installManyTop reading scoped package data from /home/runner/portofolio/node_modules/api-dylux/package.json
18 verbose installManyTop reading scoped package data from /home/runner/portofolio/node_modules/are-we-there-yet/package.json
19 verbose installManyTop reading scoped package data from /home/runner/portofolio/node_modules/array-flatten/package.json
20 verbose installManyTop reading scoped package data from /home/runner/portofolio/node_modules/asn1/package.json
21 verbose installManyTop reading scoped package data from /home/runner/portofolio/node_modules/assert-plus/package.json
22 verbose installManyTop reading scoped package data from /home/runner/portofolio/node_modules/async/package.json
23 verbose installManyTop reading scoped package data from /home/runner/portofolio/node_modules/async.parallellimit/package.json
24 verbose installManyTop reading scoped package data from /home/runner/portofolio/node_modules/async.util.eachoflimit/package.json
25 verbose installManyTop reading scoped package data from /home/runner/portofolio/node_modules/async.util.isarray/package.json
26 verbose installManyTop reading scoped package data from /home/runner/portofolio/node_modules/async.util.isarraylike/package.json
27 verbose installManyTop reading scoped package data from /home/runner/portofolio/node_modules/async.util.keyiterator/package.json
28 verbose installManyTop reading scoped package data from /home/runner/portofolio/node_modules/async.util.keys/package.json
29 verbose installManyTop reading scoped package data from /home/runner/portofolio/node_modules/async.util.noop/package.json
30 verbose installManyTop reading scoped package data from /home/runner/portofolio/node_modules/async.util.once/package.json
31 verbose installManyTop reading scoped package data from /home/runner/portofolio/node_modules/async.util.onlyonce/package.json
32 verbose installManyTop reading scoped package data from /home/runner/portofolio/node_modules/async.util.parallel/package.json
33 verbose installManyTop reading scoped package data from /home/runner/portofolio/node_modules/async.util.restparam/package.json
34 verbose installManyTop reading scoped package data from /home/runner/portofolio/node_modules/asynckit/package.json
35 verbose installManyTop reading scoped package data from /home/runner/portofolio/node_modules/aws-sign2/package.json
36 verbose installManyTop reading scoped package data from /home/runner/portofolio/node_modules/aws4/package.json
37 verbose installManyTop reading scoped package data from /home/runner/portofolio/node_modules/axios/package.json
38 verbose installManyTop reading scoped package data from /home/runner/portofolio/node_modules/balanced-match/package.json
39 verbose installManyTop reading scoped package data from /home/runner/portofolio/node_modules/base-64/package.json
40 verbose installManyTop reading scoped package data from /home/runner/portofolio/node_modules/base32/package.json
41 verbose installManyTop reading scoped package data from /home/runner/portofolio/node_modules/bcrypt-pbkdf/package.json
42 verbose installManyTop reading scoped package data from /home/runner/portofolio/node_modules/big-integer/package.json
43 verbose installManyTop reading scoped package data from /home/runner/portofolio/node_modules/biskviit/package.json
44 verbose installManyTop reading scoped package data from /home/runner/portofolio/node_modules/bl/package.json
45 verbose installManyTop reading scoped package data from /home/runner/portofolio/node_modules/bluebird/package.json
46 verbose installManyTop reading scoped package data from /home/runner/portofolio/node_modules/body-parser/package.json
47 verbose installManyTop reading scoped package data from /home/runner/portofolio/node_modules/boolbase/package.json
48 verbose installManyTop reading scoped package data from /home/runner/portofolio/node_modules/boolstring/package.json
49 verbose installManyTop reading scoped package data from /home/runner/portofolio/node_modules/brace-expansion/package.json
50 verbose installManyTop reading scoped package data from /home/runner/portofolio/node_modules/browser-process-hrtime/package.json
51 verbose installManyTop reading scoped package data from /home/runner/portofolio/node_modules/bson/package.json
52 verbose installManyTop reading scoped package data from /home/runner/portofolio/node_modules/buffer-equal-constant-time/package.json
53 verbose installManyTop reading scoped package data from /home/runner/portofolio/node_modules/bytes/package.json
54 verbose installManyTop reading scoped package data from /home/runner/portofolio/node_modules/cacheable-lookup/package.json
55 verbose installManyTop reading scoped package data from /home/runner/portofolio/node_modules/cacheable-request/package.json
56 verbose installManyTop reading scoped package data from /home/runner/portofolio/node_modules/call-bind/package.json
57 verbose installManyTop reading scoped package data from /home/runner/portofolio/node_modules/caseless/package.json
58 verbose installManyTop reading scoped package data from /home/runner/portofolio/node_modules/cfonts/package.json
59 verbose installManyTop reading scoped package data from /home/runner/portofolio/node_modules/chalk/package.json
60 verbose installManyTop reading scoped package data from /home/runner/portofolio/node_modules/cheerio/package.json
61 verbose installManyTop reading scoped package data from /home/runner/portofolio/node_modules/cheerio-select/package.json
62 verbose installManyTop reading scoped package data from /home/runner/portofolio/node_modules/cli-color/package.json
63 verbose installManyTop reading scoped package data from /home/runner/portofolio/node_modules/clone-response/package.json
64 verbose installManyTop reading scoped package data from /home/runner/portofolio/node_modules/color-convert/package.json
65 verbose installManyTop reading scoped package data from /home/runner/portofolio/node_modules/color-name/package.json
66 verbose installManyTop reading scoped package data from /home/runner/portofolio/node_modules/combined-stream/package.json
67 verbose installManyTop reading scoped package data from /home/runner/portofolio/node_modules/compressible/package.json
68 verbose installManyTop reading scoped package data from /home/runner/portofolio/node_modules/compression/package.json
69 verbose installManyTop reading scoped package data from /home/runner/portofolio/node_modules/concat-map/package.json
70 verbose installManyTop reading scoped package data from /home/runner/portofolio/node_modules/connect-flash/package.json
71 verbose installManyTop reading scoped package data from /home/runner/portofolio/node_modules/content-disposition/package.json
72 verbose installManyTop reading scoped package data from /home/runner/portofolio/node_modules/content-type/package.json
73 verbose installManyTop reading scoped package data from /home/runner/portofolio/node_modules/cookie/package.json
74 verbose installManyTop reading scoped package data from /home/runner/portofolio/node_modules/cookie-parser/package.json
75 verbose installManyTop reading scoped package data from /home/runner/portofolio/node_modules/cookie-signature/package.json
76 verbose installManyTop reading scoped package data from /home/runner/portofolio/node_modules/core-util-is/package.json
77 verbose installManyTop reading scoped package data from /home/runner/portofolio/node_modules/cors/package.json
78 verbose installManyTop reading scoped package data from /home/runner/portofolio/node_modules/cron-parser/package.json
79 verbose installManyTop reading scoped package data from /home/runner/portofolio/node_modules/crypto/package.json
80 verbose installManyTop reading scoped package data from /home/runner/portofolio/node_modules/css-select/package.json
81 verbose installManyTop reading scoped package data from /home/runner/portofolio/node_modules/css-what/package.json
82 verbose installManyTop reading scoped package data from /home/runner/portofolio/node_modules/cssom/package.json
83 verbose installManyTop reading scoped package data from /home/runner/portofolio/node_modules/cssstyle/package.json
84 verbose installManyTop reading scoped package data from /home/runner/portofolio/node_modules/d/package.json
85 verbose installManyTop reading scoped package data from /home/runner/portofolio/node_modules/dandi-api/package.json
86 verbose installManyTop reading scoped package data from /home/runner/portofolio/node_modules/dashdash/package.json
87 verbose installManyTop reading scoped package data from /home/runner/portofolio/node_modules/dasu/package.json
88 verbose installManyTop reading scoped package data from /home/runner/portofolio/node_modules/data-urls/package.json
89 verbose installManyTop reading scoped package data from /home/runner/portofolio/node_modules/debug/package.json
90 verbose installManyTop reading scoped package data from /home/runner/portofolio/node_modules/decimal.js/package.json
91 verbose installManyTop reading scoped package data from /home/runner/portofolio/node_modules/decompress-response/package.json
92 verbose installManyTop reading scoped package data from /home/runner/portofolio/node_modules/deep-is/package.json
93 verbose installManyTop reading scoped package data from /home/runner/portofolio/node_modules/defer-to-connect/package.json
94 verbose installManyTop reading scoped package data from /home/runner/portofolio/node_modules/define-property/package.json
95 verbose installManyTop reading scoped package data from /home/runner/portofolio/node_modules/delayed-stream/package.json
96 verbose installManyTop reading scoped package data from /home/runner/portofolio/node_modules/delegates/package.json
97 verbose installManyTop reading scoped package data from /home/runner/portofolio/node_modules/denque/package.json
98 verbose installManyTop reading scoped package data from /home/runner/portofolio/node_modules/depd/package.json
99 verbose installManyTop reading scoped package data from /home/runner/portofolio/node_modules/destroy/package.json
100 verbose installManyTop reading scoped package data from /home/runner/portofolio/node_modules/dom-serializer/package.json
101 verbose installManyTop reading scoped package data from /home/runner/portofolio/node_modules/domelementtype/package.json
102 verbose installManyTop reading scoped package data from /home/runner/portofolio/node_modules/domexception/package.json
103 verbose installManyTop reading scoped package data from /home/runner/portofolio/node_modules/domhandler/package.json
104 verbose installManyTop reading scoped package data from /home/runner/portofolio/node_modules/domutils/package.json
105 verbose installManyTop reading scoped package data from /home/runner/portofolio/node_modules/ecc-jsbn/package.json
106 verbose installManyTop reading scoped package data from /home/runner/portofolio/node_modules/ecdsa-sig-formatter/package.json
107 verbose installManyTop reading scoped package data from /home/runner/portofolio/node_modules/ee-first/package.json
108 verbose installManyTop reading scoped package data from /home/runner/portofolio/node_modules/ejs/package.json
109 verbose installManyTop reading scoped package data from /home/runner/portofolio/node_modules/encodeurl/package.json
110 verbose installManyTop reading scoped package data from /home/runner/portofolio/node_modules/encoding/package.json
111 verbose installManyTop reading scoped package data from /home/runner/portofolio/node_modules/end-of-stream/package.json
112 verbose installManyTop reading scoped package data from /home/runner/portofolio/node_modules/entities/package.json
113 verbose installManyTop reading scoped package data from /home/runner/portofolio/node_modules/es5-ext/package.json
114 verbose installManyTop reading scoped package data from /home/runner/portofolio/node_modules/es6-iterator/package.json
115 verbose installManyTop reading scoped package data from /home/runner/portofolio/node_modules/es6-symbol/package.json
116 verbose installManyTop reading scoped package data from /home/runner/portofolio/node_modules/es6-weak-map/package.json
117 verbose installManyTop reading scoped package data from /home/runner/portofolio/node_modules/escape-html/package.json
118 verbose installManyTop reading scoped package data from /home/runner/portofolio/node_modules/escodegen/package.json
119 verbose installManyTop reading scoped package data from /home/runner/portofolio/node_modules/esprima/package.json
120 verbose installManyTop reading scoped package data from /home/runner/portofolio/node_modules/estraverse/package.json
121 verbose installManyTop reading scoped package data from /home/runner/portofolio/node_modules/esutils/package.json
122 verbose installManyTop reading scoped package data from /home/runner/portofolio/node_modules/etag/package.json
123 verbose installManyTop reading scoped package data from /home/runner/portofolio/node_modules/event-emitter/package.json
124 verbose installManyTop reading scoped package data from /home/runner/portofolio/node_modules/express/package.json
125 verbose installManyTop reading scoped package data from /home/runner/portofolio/node_modules/express-ejs-layouts/package.json
126 verbose installManyTop reading scoped package data from /home/runner/portofolio/node_modules/express-rate-limit/package.json
127 verbose installManyTop reading scoped package data from /home/runner/portofolio/node_modules/express-session/package.json
128 verbose installManyTop reading scoped package data from /home/runner/portofolio/node_modules/ext/package.json
129 verbose installManyTop reading scoped package data from /home/runner/portofolio/node_modules/extend/package.json
130 verbose installManyTop reading scoped package data from /home/runner/portofolio/node_modules/extsprintf/package.json
131 verbose installManyTop reading scoped package data from /home/runner/portofolio/node_modules/fast-deep-equal/package.json
132 verbose installManyTop reading scoped package data from /home/runner/portofolio/node_modules/fast-json-stable-stringify/package.json
133 verbose installManyTop reading scoped package data from /home/runner/portofolio/node_modules/fast-levenshtein/package.json
134 verbose installManyTop reading scoped package data from /home/runner/portofolio/node_modules/fetch/package.json
135 verbose installManyTop reading scoped package data from /home/runner/portofolio/node_modules/file-type/package.json
136 verbose installManyTop reading scoped package data from /home/runner/portofolio/node_modules/filelist/package.json
137 verbose installManyTop reading scoped package data from /home/runner/portofolio/node_modules/finalhandler/package.json
138 verbose installManyTop reading scoped package data from /home/runner/portofolio/node_modules/fluent-ffmpeg/package.json
139 verbose installManyTop reading scoped package data from /home/runner/portofolio/node_modules/follow-redirects/package.json
140 verbose installManyTop reading scoped package data from /home/runner/portofolio/node_modules/forever-agent/package.json
141 verbose installManyTop reading scoped package data from /home/runner/portofolio/node_modules/form-data/package.json
142 verbose installManyTop reading scoped package data from /home/runner/portofolio/node_modules/forwarded/package.json
143 verbose installManyTop reading scoped package data from /home/runner/portofolio/node_modules/fresh/package.json
144 verbose installManyTop reading scoped package data from /home/runner/portofolio/node_modules/function-bind/package.json
145 verbose installManyTop reading scoped package data from /home/runner/portofolio/node_modules/gauge/package.json
146 verbose installManyTop reading scoped package data from /home/runner/portofolio/node_modules/get-intrinsic/package.json
147 verbose installManyTop reading scoped package data from /home/runner/portofolio/node_modules/get-stream/package.json
148 verbose installManyTop reading scoped package data from /home/runner/portofolio/node_modules/getpass/package.json
149 verbose installManyTop reading scoped package data from /home/runner/portofolio/node_modules/got/package.json
150 verbose installManyTop reading scoped package data from /home/runner/portofolio/node_modules/har-schema/package.json
151 verbose installManyTop reading scoped package data from /home/runner/portofolio/node_modules/har-validator/package.json
152 verbose installManyTop reading scoped package data from /home/runner/portofolio/node_modules/has/package.json
153 verbose installManyTop reading scoped package data from /home/runner/portofolio/node_modules/has-flag/package.json
154 verbose installManyTop reading scoped package data from /home/runner/portofolio/node_modules/has-proto/package.json
155 verbose installManyTop reading scoped package data from /home/runner/portofolio/node_modules/has-symbols/package.json
156 verbose installManyTop reading scoped package data from /home/runner/portofolio/node_modules/has-unicode/package.json
157 verbose installManyTop reading scoped package data from /home/runner/portofolio/node_modules/html-encoding-sniffer/package.json
158 verbose installManyTop reading scoped package data from /home/runner/portofolio/node_modules/htmlparser2/package.json
159 verbose installManyTop reading scoped package data from /home/runner/portofolio/node_modules/http-cache-semantics/package.json
160 verbose installManyTop reading scoped package data from /home/runner/portofolio/node_modules/http-errors/package.json
161 verbose installManyTop reading scoped package data from /home/runner/portofolio/node_modules/http-proxy-agent/package.json
162 verbose installManyTop reading scoped package data from /home/runner/portofolio/node_modules/http-signature/package.json
163 verbose installManyTop reading scoped package data from /home/runner/portofolio/node_modules/http2-wrapper/package.json
164 verbose installManyTop reading scoped package data from /home/runner/portofolio/node_modules/https-proxy-agent/package.json
165 verbose installManyTop reading scoped package data from /home/runner/portofolio/node_modules/human-readable/package.json
166 verbose installManyTop reading scoped package data from /home/runner/portofolio/node_modules/human-time/package.json
167 verbose installManyTop reading scoped package data from /home/runner/portofolio/node_modules/iconv-lite/package.json
168 verbose installManyTop reading scoped package data from /home/runner/portofolio/node_modules/ieee754/package.json
169 verbose installManyTop reading scoped package data from /home/runner/portofolio/node_modules/inherits/package.json
170 verbose installManyTop reading scoped package data from /home/runner/portofolio/node_modules/insta-fetcher/package.json
171 verbose installManyTop reading scoped package data from /home/runner/portofolio/node_modules/ipaddr.js/package.json
172 verbose installManyTop reading scoped package data from /home/runner/portofolio/node_modules/is-accessor-descriptor/package.json
173 verbose installManyTop reading scoped package data from /home/runner/portofolio/node_modules/is-buffer/package.json
174 verbose installManyTop reading scoped package data from /home/runner/portofolio/node_modules/is-data-descriptor/package.json
175 verbose installManyTop reading scoped package data from /home/runner/portofolio/node_modules/is-descriptor/package.json
176 verbose installManyTop reading scoped package data from /home/runner/portofolio/node_modules/is-fullwidth-code-point/package.json
177 verbose installManyTop reading scoped package data from /home/runner/portofolio/node_modules/is-number/package.json
178 verbose installManyTop reading scoped package data from /home/runner/portofolio/node_modules/is-potential-custom-element-name/package.json
179 verbose installManyTop reading scoped package data from /home/runner/portofolio/node_modules/is-promise/package.json
180 verbose installManyTop reading scoped package data from /home/runner/portofolio/node_modules/is-typedarray/package.json
181 verbose installManyTop reading scoped package data from /home/runner/portofolio/node_modules/isarray/package.json
182 verbose installManyTop reading scoped package data from /home/runner/portofolio/node_modules/isexe/package.json
183 verbose installManyTop reading scoped package data from /home/runner/portofolio/node_modules/isstream/package.json
184 verbose installManyTop reading scoped package data from /home/runner/portofolio/node_modules/jake/package.json
185 verbose installManyTop reading scoped package data from /home/runner/portofolio/node_modules/jquery/package.json
186 verbose installManyTop reading scoped package data from /home/runner/portofolio/node_modules/jsbn/package.json
187 verbose installManyTop reading scoped package data from /home/runner/portofolio/node_modules/jsdom/package.json
188 verbose installManyTop reading scoped package data from /home/runner/portofolio/node_modules/jsdon/package.json
189 verbose installManyTop reading scoped package data from /home/runner/portofolio/node_modules/json-buffer/package.json
190 verbose installManyTop reading scoped package data from /home/runner/portofolio/node_modules/json-schema/package.json
191 verbose installManyTop reading scoped package data from /home/runner/portofolio/node_modules/json-schema-traverse/package.json
192 verbose installManyTop reading scoped package data from /home/runner/portofolio/node_modules/json-stringify-safe/package.json
193 verbose installManyTop reading scoped package data from /home/runner/portofolio/node_modules/jsonpath-plus/package.json
194 verbose installManyTop reading scoped package data from /home/runner/portofolio/node_modules/jsonwebtoken/package.json
195 verbose installManyTop reading scoped package data from /home/runner/portofolio/node_modules/jsprim/package.json
196 verbose installManyTop reading scoped package data from /home/runner/portofolio/node_modules/jwa/package.json
197 verbose installManyTop reading scoped package data from /home/runner/portofolio/node_modules/jws/package.json
198 verbose installManyTop reading scoped package data from /home/runner/portofolio/node_modules/kareem/package.json
199 verbose installManyTop reading scoped package data from /home/runner/portofolio/node_modules/keypress/package.json
200 verbose installManyTop reading scoped package data from /home/runner/portofolio/node_modules/keyv/package.json
201 verbose installManyTop reading scoped package data from /home/runner/portofolio/node_modules/kind-of/package.json
202 verbose installManyTop reading scoped package data from /home/runner/portofolio/node_modules/levenshtein-edit-distance/package.json
203 verbose installManyTop reading scoped package data from /home/runner/portofolio/node_modules/levn/package.json
204 verbose installManyTop reading scoped package data from /home/runner/portofolio/node_modules/lodash/package.json
205 verbose installManyTop reading scoped package data from /home/runner/portofolio/node_modules/lodash.includes/package.json
206 verbose installManyTop reading scoped package data from /home/runner/portofolio/node_modules/lodash.isboolean/package.json
207 verbose installManyTop reading scoped package data from /home/runner/portofolio/node_modules/lodash.isinteger/package.json
208 verbose installManyTop reading scoped package data from /home/runner/portofolio/node_modules/lodash.isnumber/package.json
209 verbose installManyTop reading scoped package data from /home/runner/portofolio/node_modules/lodash.isplainobject/package.json
210 verbose installManyTop reading scoped package data from /home/runner/portofolio/node_modules/lodash.isstring/package.json
211 verbose installManyTop reading scoped package data from /home/runner/portofolio/node_modules/lodash.once/package.json
212 verbose installManyTop reading scoped package data from /home/runner/portofolio/node_modules/lodash.pad/package.json
213 verbose installManyTop reading scoped package data from /home/runner/portofolio/node_modules/lodash.padend/package.json
214 verbose installManyTop reading scoped package data from /home/runner/portofolio/node_modules/lodash.padstart/package.json
215 verbose installManyTop reading scoped package data from /home/runner/portofolio/node_modules/long-timeout/package.json
216 verbose installManyTop reading scoped package data from /home/runner/portofolio/node_modules/lowercase-keys/package.json
217 verbose installManyTop reading scoped package data from /home/runner/portofolio/node_modules/lru-cache/package.json
218 verbose installManyTop reading scoped package data from /home/runner/portofolio/node_modules/lru-queue/package.json
219 verbose installManyTop reading scoped package data from /home/runner/portofolio/node_modules/luxon/package.json
220 verbose installManyTop reading scoped package data from /home/runner/portofolio/node_modules/m3u8stream/package.json
221 verbose installManyTop reading scoped package data from /home/runner/portofolio/node_modules/media-typer/package.json
222 verbose installManyTop reading scoped package data from /home/runner/portofolio/node_modules/memoizee/package.json
223 verbose installManyTop reading scoped package data from /home/runner/portofolio/node_modules/memory-pager/package.json
224 verbose installManyTop reading scoped package data from /home/runner/portofolio/node_modules/memorystore/package.json
225 verbose installManyTop reading scoped package data from /home/runner/portofolio/node_modules/merge-descriptors/package.json
226 verbose installManyTop reading scoped package data from /home/runner/portofolio/node_modules/methods/package.json
227 verbose installManyTop reading scoped package data from /home/runner/portofolio/node_modules/mime/package.json
228 verbose installManyTop reading scoped package data from /home/runner/portofolio/node_modules/mime-db/package.json
229 verbose installManyTop reading scoped package data from /home/runner/portofolio/node_modules/mime-types/package.json
230 verbose installManyTop reading scoped package data from /home/runner/portofolio/node_modules/mimic-response/package.json
231 verbose installManyTop reading scoped package data from /home/runner/portofolio/node_modules/miniget/package.json
232 verbose installManyTop reading scoped package data from /home/runner/portofolio/node_modules/minimatch/package.json
233 verbose installManyTop reading scoped package data from /home/runner/portofolio/node_modules/minimist/package.json
234 verbose installManyTop reading scoped package data from /home/runner/portofolio/node_modules/mongodb/package.json
235 verbose installManyTop reading scoped package data from /home/runner/portofolio/node_modules/mongoose/package.json
236 verbose installManyTop reading scoped package data from /home/runner/portofolio/node_modules/mongoose-legacy-pluralize/package.json
237 verbose installManyTop reading scoped package data from /home/runner/portofolio/node_modules/mpath/package.json
238 verbose installManyTop reading scoped package data from /home/runner/portofolio/node_modules/mquery/package.json
239 verbose installManyTop reading scoped package data from /home/runner/portofolio/node_modules/ms/package.json
240 verbose installManyTop reading scoped package data from /home/runner/portofolio/node_modules/needle/package.json
241 verbose installManyTop reading scoped package data from /home/runner/portofolio/node_modules/negotiator/package.json
242 verbose installManyTop reading scoped package data from /home/runner/portofolio/node_modules/next-tick/package.json
243 verbose installManyTop reading scoped package data from /home/runner/portofolio/node_modules/node-fetch/package.json
244 verbose installManyTop reading scoped package data from /home/runner/portofolio/node_modules/node-fzf/package.json
245 verbose installManyTop reading scoped package data from /home/runner/portofolio/node_modules/node-schedule/package.json
246 verbose installManyTop reading scoped package data from /home/runner/portofolio/node_modules/nodemailer/package.json
247 verbose installManyTop reading scoped package data from /home/runner/portofolio/node_modules/nopt/package.json
248 verbose installManyTop reading scoped package data from /home/runner/portofolio/node_modules/normalize-url/package.json
249 verbose installManyTop reading scoped package data from /home/runner/portofolio/node_modules/npm/package.json
250 verbose installManyTop reading scoped package data from /home/runner/portofolio/node_modules/npmlog/package.json
251 verbose installManyTop reading scoped package data from /home/runner/portofolio/node_modules/nth-check/package.json
252 verbose installManyTop reading scoped package data from /home/runner/portofolio/node_modules/nwsapi/package.json
253 verbose installManyTop reading scoped package data from /home/runner/portofolio/node_modules/oauth-sign/package.json
254 verbose installManyTop reading scoped package data from /home/runner/portofolio/node_modules/object-assign/package.json
255 verbose installManyTop reading scoped package data from /home/runner/portofolio/node_modules/object-inspect/package.json
256 verbose installManyTop reading scoped package data from /home/runner/portofolio/node_modules/on-finished/package.json
257 verbose installManyTop reading scoped package data from /home/runner/portofolio/node_modules/on-headers/package.json
258 verbose installManyTop reading scoped package data from /home/runner/portofolio/node_modules/once/package.json
259 verbose installManyTop reading scoped package data from /home/runner/portofolio/node_modules/optional-require/package.json
260 verbose installManyTop reading scoped package data from /home/runner/portofolio/node_modules/optionator/package.json
261 verbose installManyTop reading scoped package data from /home/runner/portofolio/node_modules/p-cancelable/package.json
262 verbose installManyTop reading scoped package data from /home/runner/portofolio/node_modules/parse5/package.json
263 verbose installManyTop reading scoped package data from /home/runner/portofolio/node_modules/parse5-htmlparser2-tree-adapter/package.json
264 verbose installManyTop reading scoped package data from /home/runner/portofolio/node_modules/parseurl/package.json
265 verbose installManyTop reading scoped package data from /home/runner/portofolio/node_modules/passport/package.json
266 verbose installManyTop reading scoped package data from /home/runner/portofolio/node_modules/passport-local/package.json
267 verbose installManyTop reading scoped package data from /home/runner/portofolio/node_modules/passport-strategy/package.json
268 verbose installManyTop reading scoped package data from /home/runner/portofolio/node_modules/path-to-regexp/package.json
269 verbose installManyTop reading scoped package data from /home/runner/portofolio/node_modules/pause/package.json
270 verbose installManyTop reading scoped package data from /home/runner/portofolio/node_modules/peek-readable/package.json
271 verbose installManyTop reading scoped package data from /home/runner/portofolio/node_modules/performance-now/package.json
272 verbose installManyTop reading scoped package data from /home/runner/portofolio/node_modules/popper.js/package.json
273 verbose installManyTop reading scoped package data from /home/runner/portofolio/node_modules/prelude-ls/package.json
274 verbose installManyTop reading scoped package data from /home/runner/portofolio/node_modules/process-nextick-args/package.json
275 verbose installManyTop reading scoped package data from /home/runner/portofolio/node_modules/proxy-addr/package.json
276 verbose installManyTop reading scoped package data from /home/runner/portofolio/node_modules/pseudomap/package.json
277 verbose installManyTop reading scoped package data from /home/runner/portofolio/node_modules/psl/package.json
278 verbose installManyTop reading scoped package data from /home/runner/portofolio/node_modules/publish/package.json
279 verbose installManyTop reading scoped package data from /home/runner/portofolio/node_modules/pump/package.json
280 verbose installManyTop reading scoped package data from /home/runner/portofolio/node_modules/punycode/package.json
281 verbose installManyTop reading scoped package data from /home/runner/portofolio/node_modules/qs/package.json
282 verbose installManyTop reading scoped package data from /home/runner/portofolio/node_modules/querystringify/package.json
283 verbose installManyTop reading scoped package data from /home/runner/portofolio/node_modules/quick-lru/package.json
284 verbose installManyTop reading scoped package data from /home/runner/portofolio/node_modules/random-bytes/package.json
285 verbose installManyTop reading scoped package data from /home/runner/portofolio/node_modules/range-parser/package.json
286 verbose installManyTop reading scoped package data from /home/runner/portofolio/node_modules/raw-body/package.json
287 verbose installManyTop reading scoped package data from /home/runner/portofolio/node_modules/readable-stream/package.json
288 verbose installManyTop reading scoped package data from /home/runner/portofolio/node_modules/readable-web-to-node-stream/package.json
289 verbose installManyTop reading scoped package data from /home/runner/portofolio/node_modules/redstar/package.json
290 verbose installManyTop reading scoped package data from /home/runner/portofolio/node_modules/regexp-clone/package.json
291 verbose installManyTop reading scoped package data from /home/runner/portofolio/node_modules/request/package.json
292 verbose installManyTop reading scoped package data from /home/runner/portofolio/node_modules/require-at/package.json
293 verbose installManyTop reading scoped package data from /home/runner/portofolio/node_modules/requires-port/package.json
294 verbose installManyTop reading scoped package data from /home/runner/portofolio/node_modules/resolve-alpn/package.json
295 verbose installManyTop reading scoped package data from /home/runner/portofolio/node_modules/responselike/package.json
296 verbose installManyTop reading scoped package data from /home/runner/portofolio/node_modules/safe-buffer/package.json
297 verbose installManyTop reading scoped package data from /home/runner/portofolio/node_modules/safer-buffer/package.json
298 verbose installManyTop reading scoped package data from /home/runner/portofolio/node_modules/saslprep/package.json
299 verbose installManyTop reading scoped package data from /home/runner/portofolio/node_modules/sax/package.json
300 verbose installManyTop reading scoped package data from /home/runner/portofolio/node_modules/saxes/package.json
301 verbose installManyTop reading scoped package data from /home/runner/portofolio/node_modules/semver/package.json
302 verbose installManyTop reading scoped package data from /home/runner/portofolio/node_modules/send/package.json
303 verbose installManyTop reading scoped package data from /home/runner/portofolio/node_modules/serve-static/package.json
304 verbose installManyTop reading scoped package data from /home/runner/portofolio/node_modules/setprototypeof/package.json
305 verbose installManyTop reading scoped package data from /home/runner/portofolio/node_modules/side-channel/package.json
306 verbose installManyTop reading scoped package data from /home/runner/portofolio/node_modules/sift/package.json
307 verbose installManyTop reading scoped package data from /home/runner/portofolio/node_modules/similarity/package.json
308 verbose installManyTop reading scoped package data from /home/runner/portofolio/node_modules/sliced/package.json
309 verbose installManyTop reading scoped package data from /home/runner/portofolio/node_modules/sorted-array-functions/package.json
310 verbose installManyTop reading scoped package data from /home/runner/portofolio/node_modules/source-map/package.json
311 verbose installManyTop reading scoped package data from /home/runner/portofolio/node_modules/sparse-bitfield/package.json
312 verbose installManyTop reading scoped package data from /home/runner/portofolio/node_modules/sshpk/package.json
313 verbose installManyTop reading scoped package data from /home/runner/portofolio/node_modules/ssl-express-www/package.json
314 verbose installManyTop reading scoped package data from /home/runner/portofolio/node_modules/statuses/package.json
315 verbose installManyTop reading scoped package data from /home/runner/portofolio/node_modules/string-width/package.json
316 verbose installManyTop reading scoped package data from /home/runner/portofolio/node_modules/string_decoder/package.json
317 verbose installManyTop reading scoped package data from /home/runner/portofolio/node_modules/strip-ansi/package.json
318 verbose installManyTop reading scoped package data from /home/runner/portofolio/node_modules/strtok3/package.json
319 verbose installManyTop reading scoped package data from /home/runner/portofolio/node_modules/supports-color/package.json
320 verbose installManyTop reading scoped package data from /home/runner/portofolio/node_modules/symbol-tree/package.json
321 verbose installManyTop reading scoped package data from /home/runner/portofolio/node_modules/timers-ext/package.json
322 verbose installManyTop reading scoped package data from /home/runner/portofolio/node_modules/toidentifier/package.json
323 verbose installManyTop reading scoped package data from /home/runner/portofolio/node_modules/token-types/package.json
324 verbose installManyTop reading scoped package data from /home/runner/portofolio/node_modules/tough-cookie/package.json
325 verbose installManyTop reading scoped package data from /home/runner/portofolio/node_modules/tr46/package.json
326 verbose installManyTop reading scoped package data from /home/runner/portofolio/node_modules/ttys/package.json
327 verbose installManyTop reading scoped package data from /home/runner/portofolio/node_modules/tunnel-agent/package.json
328 verbose installManyTop reading scoped package data from /home/runner/portofolio/node_modules/tweetnacl/package.json
329 verbose installManyTop reading scoped package data from /home/runner/portofolio/node_modules/type/package.json
330 verbose installManyTop reading scoped package data from /home/runner/portofolio/node_modules/type-check/package.json
331 verbose installManyTop reading scoped package data from /home/runner/portofolio/node_modules/type-is/package.json
332 verbose installManyTop reading scoped package data from /home/runner/portofolio/node_modules/uid-safe/package.json
333 verbose installManyTop reading scoped package data from /home/runner/portofolio/node_modules/universalify/package.json
334 verbose installManyTop reading scoped package data from /home/runner/portofolio/node_modules/unpipe/package.json
335 verbose installManyTop reading scoped package data from /home/runner/portofolio/node_modules/uri-js/package.json
336 verbose installManyTop reading scoped package data from /home/runner/portofolio/node_modules/url/package.json
337 verbose installManyTop reading scoped package data from /home/runner/portofolio/node_modules/url-parse/package.json
338 verbose installManyTop reading scoped package data from /home/runner/portofolio/node_modules/util-deprecate/package.json
339 verbose installManyTop reading scoped package data from /home/runner/portofolio/node_modules/utils-merge/package.json
340 verbose installManyTop reading scoped package data from /home/runner/portofolio/node_modules/uuid/package.json
341 verbose installManyTop reading scoped package data from /home/runner/portofolio/node_modules/vary/package.json
342 verbose installManyTop reading scoped package data from /home/runner/portofolio/node_modules/verror/package.json
343 verbose installManyTop reading scoped package data from /home/runner/portofolio/node_modules/w3c-hr-time/package.json
344 verbose installManyTop reading scoped package data from /home/runner/portofolio/node_modules/w3c-xmlserializer/package.json
345 verbose installManyTop reading scoped package data from /home/runner/portofolio/node_modules/webidl-conversions/package.json
346 verbose installManyTop reading scoped package data from /home/runner/portofolio/node_modules/whatwg-encoding/package.json
347 verbose installManyTop reading scoped package data from /home/runner/portofolio/node_modules/whatwg-mimetype/package.json
348 verbose installManyTop reading scoped package data from /home/runner/portofolio/node_modules/whatwg-url/package.json
349 verbose installManyTop reading scoped package data from /home/runner/portofolio/node_modules/which/package.json
350 verbose installManyTop reading scoped package data from /home/runner/portofolio/node_modules/window-size/package.json
351 verbose installManyTop reading scoped package data from /home/runner/portofolio/node_modules/word-wrap/package.json
352 verbose installManyTop reading scoped package data from /home/runner/portofolio/node_modules/wrappy/package.json
353 verbose installManyTop reading scoped package data from /home/runner/portofolio/node_modules/ws/package.json
354 verbose installManyTop reading scoped package data from /home/runner/portofolio/node_modules/xml-name-validator/package.json
355 verbose installManyTop reading scoped package data from /home/runner/portofolio/node_modules/xmlchars/package.json
356 verbose installManyTop reading scoped package data from /home/runner/portofolio/node_modules/yallist/package.json
357 verbose installManyTop reading scoped package data from /home/runner/portofolio/node_modules/yt-search/package.json
358 verbose installManyTop reading scoped package data from /home/runner/portofolio/node_modules/ytdl-core/package.json
359 verbose installManyTop reading scoped package data from /home/runner/portofolio/node_modules/zod/package.json
360 verbose installManyTop reading scoped package data from /home/runner/portofolio/node_modules/@danicoding/scraper/package.json
361 verbose installManyTop reading scoped package data from /home/runner/portofolio/node_modules/@sindresorhus/is/package.json
362 verbose installManyTop reading scoped package data from /home/runner/portofolio/node_modules/@szmarczak/http-timer/package.json
363 verbose installManyTop reading scoped package data from /home/runner/portofolio/node_modules/@bochilteam/scraper/package.json
364 verbose installManyTop reading scoped package data from /home/runner/portofolio/node_modules/@types/bson/package.json
365 verbose installManyTop reading scoped package data from /home/runner/portofolio/node_modules/@types/cacheable-request/package.json
366 verbose installManyTop reading scoped package data from /home/runner/portofolio/node_modules/@types/http-cache-semantics/package.json
367 verbose installManyTop reading scoped package data from /home/runner/portofolio/node_modules/@types/keyv/package.json
368 verbose installManyTop reading scoped package data from /home/runner/portofolio/node_modules/@types/mongodb/package.json
369 verbose installManyTop reading scoped package data from /home/runner/portofolio/node_modules/@types/node/package.json
370 verbose installManyTop reading scoped package data from /home/runner/portofolio/node_modules/@types/responselike/package.json
371 verbose installManyTop reading scoped package data from /home/runner/portofolio/node_modules/@tootallnate/once/package.json
372 verbose installManyTop reading scoped package data from /home/runner/portofolio/node_modules/@tokenizer/token/package.json
373 info package.json redstar@0.0.2 No README data
374 info package.json base32@0.0.7 No license field.
375 info package.json connect-flash@0.1.1 No license field.
376 info package.json crypto@1.0.1 crypto is also the name of a node core module.
377 info package.json express-ejs-layouts@2.5.1 No license field.
378 info package.json npm@2.15.12 Non-dependency in bundleDependencies: ansi-regex
379 info package.json npm@2.15.12 Non-dependency in bundleDependencies: imurmurhash
380 info package.json nodemailer@6.9.3 license should be a valid SPDX license expression
381 info package.json passport-strategy@1.0.0 No license field.
382 info package.json pause@0.0.1 No repository field.
383 info package.json pause@0.0.1 No license field.
384 info package.json passport-local@1.0.0 No license field.
385 info package.json prelude-ls@1.1.2 No license field.
386 info package.json punycode@2.3.0 punycode is also the name of a node core module.
387 info package.json string_decoder@1.1.1 string_decoder is also the name of a node core module.
388 info package.json ttys@0.0.3 No license field.
389 info package.json url@0.11.1 url is also the name of a node core module.
390 info package.json @bochilteam/scraper@3.0.0 license should be a valid SPDX license expression
391 verbose readDependencies loading dependencies from /home/runner/portofolio/package.json
392 silly cache add args [ 'file', null ]
393 verbose cache add spec file
394 verbose install @danicoding/scraper is installed as 1.0.1
395 silly cache add args [ '@danicoding/scraper', null ]
396 verbose cache add spec @danicoding/scraper
397 silly cache add args [ "__path@+ '", null ]
398 verbose cache add spec __path@+ '
399 silly cache add parsed spec Result {
399 silly cache add   raw: 'file',
399 silly cache add   scope: null,
399 silly cache add   name: 'file',
399 silly cache add   rawSpec: '',
399 silly cache add   spec: 'latest',
399 silly cache add   type: 'tag'
399 silly cache add }
400 silly addNamed file@latest
401 verbose addNamed "latest" is being treated as a dist-tag for file
402 info addNameTag [ 'file', 'latest' ]
403 silly mapToRegistry name file
404 silly mapToRegistry using default registry
405 silly mapToRegistry registry https://registry.npmjs.org/
406 silly mapToRegistry data Result {
406 silly mapToRegistry   raw: 'file',
406 silly mapToRegistry   scope: null,
406 silly mapToRegistry   name: 'file',
406 silly mapToRegistry   rawSpec: '',
406 silly mapToRegistry   spec: 'latest',
406 silly mapToRegistry   type: 'tag'
406 silly mapToRegistry }
407 silly mapToRegistry uri https://registry.npmjs.org/file
408 verbose addNameTag registry:https://registry.npmjs.org/file not in flight; fetching
409 silly cache add parsed spec Result {
409 silly cache add   raw: '@danicoding/scraper',
409 silly cache add   scope: '@danicoding',
409 silly cache add   name: '@danicoding/scraper',
409 silly cache add   rawSpec: '',
409 silly cache add   spec: 'latest',
409 silly cache add   type: 'tag'
409 silly cache add }
410 silly addNamed @danicoding/scraper@latest
411 verbose addNamed "latest" is being treated as a dist-tag for @danicoding/scraper
412 info addNameTag [ '@danicoding/scraper', 'latest' ]
413 silly mapToRegistry name @danicoding/scraper
414 silly mapToRegistry scope (from package name) @danicoding
415 verbose mapToRegistry no registry URL found in name for scope @danicoding
416 silly mapToRegistry using default registry
417 silly mapToRegistry registry https://registry.npmjs.org/
418 silly mapToRegistry data Result {
418 silly mapToRegistry   raw: '@danicoding/scraper',
418 silly mapToRegistry   scope: '@danicoding',
418 silly mapToRegistry   name: '@danicoding/scraper',
418 silly mapToRegistry   rawSpec: '',
418 silly mapToRegistry   spec: 'latest',
418 silly mapToRegistry   type: 'tag'
418 silly mapToRegistry }
419 silly mapToRegistry uri https://registry.npmjs.org/@danicoding%2fscraper
420 verbose addNameTag registry:https://registry.npmjs.org/@danicoding%2fscraper not in flight; fetching
421 silly cache add parsed spec Result {
421 silly cache add   raw: "__path@+ '",
421 silly cache add   scope: null,
421 silly cache add   name: null,
421 silly cache add   rawSpec: "__path@+ '",
421 silly cache add   spec: "/home/runner/portofolio/__path@+ '",
421 silly cache add   type: 'local'
421 silly cache add }
422 verbose request uri https://registry.npmjs.org/file
423 verbose request no auth needed
424 info attempt registry request try #1 at 11:45:52 AM
425 verbose request id ed92d0ccbfd5d122
426 http request GET https://registry.npmjs.org/file
427 verbose request uri https://registry.npmjs.org/@danicoding%2fscraper
428 verbose request no auth needed
429 info attempt registry request try #1 at 11:45:52 AM
430 http request GET https://registry.npmjs.org/@danicoding%2fscraper
431 error addLocal Could not install /home/runner/portofolio/__path@+ '
432 http 200 https://registry.npmjs.org/file
433 verbose headers {
433 verbose headers   date: 'Tue, 03 Oct 2023 11:45:52 GMT',
433 verbose headers   'content-type': 'application/json',
433 verbose headers   'transfer-encoding': 'chunked',
433 verbose headers   connection: 'keep-alive',
433 verbose headers   'cf-ray': '8104f0fffc8b30bc-SEA',
433 verbose headers   'cf-cache-status': 'REVALIDATED',
433 verbose headers   'access-control-allow-origin': '*',
433 verbose headers   'cache-control': 'public, max-age=300',
433 verbose headers   etag: 'W/"04dcba0fc91829e96da504568dc2ca34"',
433 verbose headers   'last-modified': 'Sat, 18 Jun 2022 00:33:49 GMT',
433 verbose headers   vary: 'accept-encoding, accept',
433 verbose headers   server: 'cloudflare',
433 verbose headers   'content-encoding': 'gzip'
433 verbose headers }
434 silly get cb [
434 silly get   200,
434 silly get   {
434 silly get     date: 'Tue, 03 Oct 2023 11:45:52 GMT',
434 silly get     'content-type': 'application/json',
434 silly get     'transfer-encoding': 'chunked',
434 silly get     connection: 'keep-alive',
434 silly get     'cf-ray': '8104f0fffc8b30bc-SEA',
434 silly get     'cf-cache-status': 'REVALIDATED',
434 silly get     'access-control-allow-origin': '*',
434 silly get     'cache-control': 'public, max-age=300',
434 silly get     etag: 'W/"04dcba0fc91829e96da504568dc2ca34"',
434 silly get     'last-modified': 'Sat, 18 Jun 2022 00:33:49 GMT',
434 silly get     vary: 'accept-encoding, accept',
434 silly get     server: 'cloudflare',
434 silly get     'content-encoding': 'gzip'
434 silly get   }
434 silly get ]
435 verbose get saving file to /home/runner/.npm/registry.npmjs.org/file/.cache.json
436 verbose correctMkdir /home/runner/.npm correctMkdir not in flight; initializing
437 silly addNameTag next cb for file with tag latest
438 silly addNamed file@0.2.2
439 verbose addNamed "0.2.2" is a plain semver version for file
440 silly mapToRegistry name file
441 silly mapToRegistry using default registry
442 silly mapToRegistry registry https://registry.npmjs.org/
443 silly mapToRegistry data Result {
443 silly mapToRegistry   raw: 'file',
443 silly mapToRegistry   scope: null,
443 silly mapToRegistry   name: 'file',
443 silly mapToRegistry   rawSpec: '',
443 silly mapToRegistry   spec: 'latest',
443 silly mapToRegistry   type: 'tag'
443 silly mapToRegistry }
444 silly mapToRegistry uri https://registry.npmjs.org/file
445 verbose addRemoteTarball https://registry.npmjs.org/file/-/file-0.2.2.tgz not in flight; adding
446 verbose addRemoteTarball [
446 verbose addRemoteTarball   'https://registry.npmjs.org/file/-/file-0.2.2.tgz',
446 verbose addRemoteTarball   'c3dfd8f8cf3535ae455c2b423c2e52635d76b4d3'
446 verbose addRemoteTarball ]
447 info retry fetch attempt 1 at 11:45:52 AM
448 info attempt registry request try #1 at 11:45:52 AM
449 http fetch GET https://registry.npmjs.org/file/-/file-0.2.2.tgz
450 http fetch 200 https://registry.npmjs.org/file/-/file-0.2.2.tgz
451 silly fetchAndShaCheck shasum c3dfd8f8cf3535ae455c2b423c2e52635d76b4d3
452 verbose addTmpTarball /tmp/npm-54-5d469277/registry.npmjs.org/file/-/file-0.2.2.tgz not in flight; adding
453 verbose addTmpTarball already have metadata; skipping unpack for file@0.2.2
454 verbose correctMkdir /home/runner/.npm correctMkdir not in flight; initializing
455 silly cache afterAdd file@0.2.2
456 verbose afterAdd /home/runner/.npm/file/0.2.2/package/package.json not in flight; writing
457 verbose correctMkdir /home/runner/.npm correctMkdir not in flight; initializing
458 verbose afterAdd /home/runner/.npm/file/0.2.2/package/package.json written
459 http 200 https://registry.npmjs.org/@danicoding%2fscraper
460 verbose headers {
460 verbose headers   date: 'Tue, 03 Oct 2023 11:45:52 GMT',
460 verbose headers   'content-type': 'application/json',
460 verbose headers   'transfer-encoding': 'chunked',
460 verbose headers   connection: 'keep-alive',
460 verbose headers   'cf-ray': '8104f1000aed3094-SEA',
460 verbose headers   'cf-cache-status': 'REVALIDATED',
460 verbose headers   'access-control-allow-origin': '*',
460 verbose headers   'cache-control': 'public, max-age=300',
460 verbose headers   etag: 'W/"f6bb0976a3e51d2ec4ae566fb8914416"',
460 verbose headers   'last-modified': 'Fri, 28 Apr 2023 17:47:16 GMT',
460 verbose headers   vary: 'accept-encoding, accept',
460 verbose headers   server: 'cloudflare',
460 verbose headers   'content-encoding': 'gzip'
460 verbose headers }
461 silly get cb [
461 silly get   200,
461 silly get   {
461 silly get     date: 'Tue, 03 Oct 2023 11:45:52 GMT',
461 silly get     'content-type': 'application/json',
461 silly get     'transfer-encoding': 'chunked',
461 silly get     connection: 'keep-alive',
461 silly get     'cf-ray': '8104f1000aed3094-SEA',
461 silly get     'cf-cache-status': 'REVALIDATED',
461 silly get     'access-control-allow-origin': '*',
461 silly get     'cache-control': 'public, max-age=300',
461 silly get     etag: 'W/"f6bb0976a3e51d2ec4ae566fb8914416"',
461 silly get     'last-modified': 'Fri, 28 Apr 2023 17:47:16 GMT',
461 silly get     vary: 'accept-encoding, accept',
461 silly get     server: 'cloudflare',
461 silly get     'content-encoding': 'gzip'
461 silly get   }
461 silly get ]
462 verbose get saving @danicoding/scraper to /home/runner/.npm/registry.npmjs.org/_40danicoding_252fscraper/.cache.json
463 verbose correctMkdir /home/runner/.npm correctMkdir not in flight; initializing
464 silly addNameTag next cb for @danicoding/scraper with tag latest
465 silly addNamed @danicoding/scraper@1.0.1
466 verbose addNamed "1.0.1" is a plain semver version for @danicoding/scraper
467 silly mapToRegistry name @danicoding/scraper
468 silly mapToRegistry scope (from package name) @danicoding
469 verbose mapToRegistry no registry URL found in name for scope @danicoding
470 silly mapToRegistry using default registry
471 silly mapToRegistry registry https://registry.npmjs.org/
472 silly mapToRegistry data Result {
472 silly mapToRegistry   raw: '@danicoding/scraper',
472 silly mapToRegistry   scope: '@danicoding',
472 silly mapToRegistry   name: '@danicoding/scraper',
472 silly mapToRegistry   rawSpec: '',
472 silly mapToRegistry   spec: 'latest',
472 silly mapToRegistry   type: 'tag'
472 silly mapToRegistry }
473 silly mapToRegistry uri https://registry.npmjs.org/@danicoding%2fscraper
474 verbose addRemoteTarball https://registry.npmjs.org/@danicoding/scraper/-/scraper-1.0.1.tgz not in flight; adding
475 verbose addRemoteTarball [
475 verbose addRemoteTarball   'https://registry.npmjs.org/@danicoding/scraper/-/scraper-1.0.1.tgz',
475 verbose addRemoteTarball   '5a67042c153fa2ab4d4fea7c4c42950ad945dfdf'
475 verbose addRemoteTarball ]
476 info retry fetch attempt 1 at 11:45:52 AM
477 info attempt registry request try #1 at 11:45:52 AM
478 http fetch GET https://registry.npmjs.org/@danicoding/scraper/-/scraper-1.0.1.tgz
479 http fetch 200 https://registry.npmjs.org/@danicoding/scraper/-/scraper-1.0.1.tgz
480 silly fetchAndShaCheck shasum 5a67042c153fa2ab4d4fea7c4c42950ad945dfdf
481 verbose addTmpTarball /tmp/npm-54-5d469277/registry.npmjs.org/_40danicoding/scraper/-/scraper-1.0.1.tgz not in flight; adding
482 verbose addTmpTarball already have metadata; skipping unpack for @danicoding/scraper@1.0.1
483 verbose correctMkdir /home/runner/.npm correctMkdir not in flight; initializing
484 silly cache afterAdd @danicoding/scraper@1.0.1
485 verbose afterAdd /home/runner/.npm/@danicoding/scraper/1.0.1/package/package.json not in flight; writing
486 verbose correctMkdir /home/runner/.npm correctMkdir not in flight; initializing
487 verbose afterAdd /home/runner/.npm/@danicoding/scraper/1.0.1/package/package.json written
488 verbose stack Error: ENOENT: no such file or directory, open '/home/runner/portofolio/__path@+ ''
489 verbose cwd /home/runner/portofolio
490 error Linux 6.2.0-1014-gcp
491 error argv "/nix/store/0l5yh0rdzibk8arj9c8gzy1570jkc3vf-nodejs-16.18.1/bin/node" "/home/runner/portofolio/node_modules/.bin/npm" "install" "file" "@danicoding/scraper" "__path@+ '"
492 error node v16.18.1
493 error npm  v2.15.12
494 error path /home/runner/portofolio/__path@+ '
495 error code ENOENT
496 error errno -2
497 error syscall open
498 error enoent ENOENT: no such file or directory, open '/home/runner/portofolio/__path@+ ''
498 error enoent This is most likely not a problem with npm itself
498 error enoent and is related to npm not being able to find a file.
499 verbose exit [ -2, true ]
